FULL (pre-trained): top1=0.175 E[hops]=4.39

========== ablate_no_metro  (device=cpu) ==========
  drop_metro=True  no_ctx_mp=False  n_layers=2
  metro edges dropped → 0
  model params: 83,010
  ep  0   0.8s tl=4.1469 vl=3.7678 t1=0.111 t3=0.265 E[h]=4.79
  ep  1   0.7s tl=3.7637 vl=3.6669 t1=0.137 t3=0.293 E[h]=4.68
  ep  2   0.7s tl=3.6918 vl=3.6428 t1=0.140 t3=0.301 E[h]=4.70
  ep  3   0.7s tl=3.6586 vl=3.6201 t1=0.152 t3=0.317 E[h]=4.64
  ep  4   0.7s tl=3.6258 vl=3.5823 t1=0.158 t3=0.320 E[h]=4.55
  ep  5   0.7s tl=3.5986 vl=3.5488 t1=0.162 t3=0.331 E[h]=4.51
  ep  6   0.7s tl=3.5761 vl=3.5412 t1=0.168 t3=0.337 E[h]=4.52
  ep  7   0.7s tl=3.5572 vl=3.5238 t1=0.170 t3=0.336 E[h]=4.47
  ep  8   0.7s tl=3.5333 vl=3.5062 t1=0.175 t3=0.352 E[h]=4.47
  ep  9   0.6s tl=3.5202 vl=3.4985 t1=0.172 t3=0.338 E[h]=4.45
  ep 10   0.7s tl=3.5153 vl=3.4854 t1=0.177 t3=0.351 E[h]=4.43
  ep 11   0.7s tl=3.4992 vl=3.4896 t1=0.175 t3=0.352 E[h]=4.42
  ep 12   0.6s tl=3.4987 vl=3.4623 t1=0.179 t3=0.356 E[h]=4.42
  ep 13   0.6s tl=3.4855 vl=3.4679 t1=0.180 t3=0.355 E[h]=4.40
  ep 14   0.6s tl=3.4810 vl=3.4629 t1=0.177 t3=0.350 E[h]=4.39
  ep 15   0.6s tl=3.4696 vl=3.4676 t1=0.182 t3=0.354 E[h]=4.38
  ep 16   0.6s tl=3.4681 vl=3.4734 t1=0.178 t3=0.354 E[h]=4.42
  ep 17   0.6s tl=3.4618 vl=3.4499 t1=0.180 t3=0.353 E[h]=4.37
  ep 18   0.6s tl=3.4552 vl=3.4722 t1=0.182 t3=0.352 E[h]=4.40
  ep 19   0.6s tl=3.4512 vl=3.4679 t1=0.181 t3=0.360 E[h]=4.40
  ep 20   0.7s tl=3.4500 vl=3.4430 t1=0.185 t3=0.355 E[h]=4.40
  ep 21   0.7s tl=3.4446 vl=3.4380 t1=0.183 t3=0.359 E[h]=4.36
  ep 22   0.7s tl=3.4410 vl=3.4458 t1=0.184 t3=0.356 E[h]=4.38
  ep 23   0.7s tl=3.4396 vl=3.4473 t1=0.182 t3=0.353 E[h]=4.41
  ep 24   0.7s tl=3.4400 vl=3.4480 t1=0.181 t3=0.355 E[h]=4.39
  ep 25   0.7s tl=3.4314 vl=3.4568 t1=0.178 t3=0.352 E[h]=4.40
  ep 26   0.8s tl=3.4312 vl=3.4453 t1=0.181 t3=0.361 E[h]=4.36
  ep 27   0.9s tl=3.4275 vl=3.4526 t1=0.181 t3=0.353 E[h]=4.38
  ep 28   0.8s tl=3.4259 vl=3.4479 t1=0.184 t3=0.355 E[h]=4.38
  ep 29   0.7s tl=3.4201 vl=3.4517 t1=0.182 t3=0.356 E[h]=4.38
  early stop @ ep 29
  TEST top1=0.179 top3=0.344 top5=0.446 E[hops]=4.37

========== ablate_no_ctx_mp  (device=cpu) ==========
  drop_metro=False  no_ctx_mp=True  n_layers=2
  metro edges = 352
  model params: 83,010
  ep  0   0.6s tl=4.1593 vl=3.8110 t1=0.129 t3=0.270 E[h]=4.70
  ep  1   0.6s tl=3.7547 vl=3.6516 t1=0.146 t3=0.305 E[h]=4.63
  ep  2   0.7s tl=3.6542 vl=3.6152 t1=0.152 t3=0.315 E[h]=4.57
  ep  3   0.7s tl=3.6001 vl=3.5611 t1=0.162 t3=0.333 E[h]=4.47
  ep  4   0.5s tl=3.5659 vl=3.5437 t1=0.164 t3=0.329 E[h]=4.48
  ep  5   0.5s tl=3.5458 vl=3.5219 t1=0.171 t3=0.343 E[h]=4.42
  ep  6   0.5s tl=3.5289 vl=3.5019 t1=0.173 t3=0.343 E[h]=4.42
  ep  7   0.5s tl=3.5118 vl=3.4939 t1=0.176 t3=0.347 E[h]=4.42
  ep  8   0.6s tl=3.4923 vl=3.4886 t1=0.181 t3=0.352 E[h]=4.40
  ep  9   0.7s tl=3.4823 vl=3.4891 t1=0.179 t3=0.343 E[h]=4.40
  ep 10   0.6s tl=3.4766 vl=3.4684 t1=0.178 t3=0.347 E[h]=4.38
  ep 11   0.7s tl=3.4684 vl=3.4673 t1=0.184 t3=0.352 E[h]=4.37
  ep 12   0.7s tl=3.4607 vl=3.4565 t1=0.182 t3=0.356 E[h]=4.40
  ep 13   0.7s tl=3.4522 vl=3.4564 t1=0.182 t3=0.349 E[h]=4.37
  ep 14   1.0s tl=3.4444 vl=3.4601 t1=0.183 t3=0.350 E[h]=4.38
  ep 15   0.6s tl=3.4426 vl=3.4518 t1=0.184 t3=0.352 E[h]=4.39
  ep 16   0.6s tl=3.4363 vl=3.4543 t1=0.181 t3=0.349 E[h]=4.39
  ep 17   0.5s tl=3.4304 vl=3.4435 t1=0.180 t3=0.352 E[h]=4.37
  ep 18   0.6s tl=3.4263 vl=3.4576 t1=0.180 t3=0.352 E[h]=4.37
  ep 19   0.6s tl=3.4218 vl=3.4505 t1=0.180 t3=0.354 E[h]=4.37
  ep 20   0.7s tl=3.4188 vl=3.4415 t1=0.184 t3=0.352 E[h]=4.39
  ep 21   0.7s tl=3.4130 vl=3.4387 t1=0.184 t3=0.357 E[h]=4.37
  ep 22   0.6s tl=3.4051 vl=3.4456 t1=0.190 t3=0.359 E[h]=4.38
  ep 23   0.6s tl=3.4068 vl=3.4479 t1=0.182 t3=0.352 E[h]=4.40
  ep 24   0.6s tl=3.4030 vl=3.4472 t1=0.179 t3=0.355 E[h]=4.39
  ep 25   0.6s tl=3.3986 vl=3.4452 t1=0.178 t3=0.353 E[h]=4.40
  early stop @ ep 25
  TEST top1=0.180 top3=0.343 top5=0.449 E[hops]=4.36

========== ablate_no_mp  (device=cpu) ==========
  drop_metro=False  no_ctx_mp=False  n_layers=0
  metro edges = 352
  model params: 24,258
  ep  0   0.1s tl=4.5014 vl=4.4131 t1=0.051 t3=0.158 E[h]=5.08
  ep  1   0.1s tl=4.3836 vl=4.3844 t1=0.081 t3=0.174 E[h]=5.14
  ep  2   0.1s tl=4.3568 vl=4.3746 t1=0.074 t3=0.173 E[h]=5.07
  ep  3   0.1s tl=4.3412 vl=4.3641 t1=0.079 t3=0.180 E[h]=5.08
  ep  4   0.1s tl=4.3298 vl=4.3491 t1=0.092 t3=0.182 E[h]=5.06
  ep  5   0.1s tl=4.3199 vl=4.3471 t1=0.101 t3=0.185 E[h]=5.12
  ep  6   0.1s tl=4.3127 vl=4.3407 t1=0.105 t3=0.189 E[h]=5.09
  ep  7   0.1s tl=4.3035 vl=4.3446 t1=0.094 t3=0.187 E[h]=5.08
  ep  8   0.1s tl=4.2970 vl=4.3403 t1=0.094 t3=0.179 E[h]=5.04
  ep  9   0.1s tl=4.2922 vl=4.3337 t1=0.106 t3=0.189 E[h]=5.06
  ep 10   0.1s tl=4.2862 vl=4.3343 t1=0.105 t3=0.191 E[h]=5.05
  ep 11   0.1s tl=4.2789 vl=4.3340 t1=0.098 t3=0.186 E[h]=5.10
  ep 12   0.1s tl=4.2732 vl=4.3275 t1=0.110 t3=0.188 E[h]=5.11
  ep 13   0.1s tl=4.2697 vl=4.3256 t1=0.110 t3=0.188 E[h]=5.10
  ep 14   0.1s tl=4.2640 vl=4.3243 t1=0.112 t3=0.187 E[h]=5.09
  ep 15   0.1s tl=4.2615 vl=4.3267 t1=0.109 t3=0.185 E[h]=5.07
  ep 16   0.1s tl=4.2555 vl=4.3250 t1=0.105 t3=0.188 E[h]=5.08
  early stop @ ep 16
  TEST top1=0.095 top3=0.179 top5=0.223 E[hops]=4.99

Wrote artifacts/models/ablation_summary.json

=== Comparison Table ===
variant                   params   top1   top3   top5  E[hops]   cov
--------------------------------------------------------------------
full                      83,010  0.175  0.340  0.446     4.39  0.36
ablate_no_metro           83,010  0.179  0.344  0.446     4.37  0.32
ablate_no_ctx_mp          83,010  0.180  0.343  0.449     4.36  0.32
ablate_no_mp              24,258  0.095  0.179  0.223     4.99  0.15
(baseline) same_station         -      -      -      -     5.31  0.99
(baseline) mode_lookup         -      -      -      -     4.88  0.70
