
========== full  (device=cpu) ==========
  drop_metro=False  drop_bipartite=False  drop_lost_edges=False  mask_lost_input=False  no_ctx_mp=False  n_layers=2
  metro=352  found=6700  lost=7375  pickup=7613
  model params: 103,746
  ep  0   1.0s tl=4.5927 vl=4.2400 t1=0.085 t3=0.191 E[h]=5.54
  ep  1   1.0s tl=4.1876 vl=4.1191 t1=0.102 t3=0.229 E[h]=5.34
  ep  2   1.0s tl=4.0835 vl=4.0470 t1=0.122 t3=0.251 E[h]=5.24
  ep  3   1.0s tl=4.0262 vl=4.0140 t1=0.132 t3=0.261 E[h]=5.13
  ep  4   1.0s tl=3.9792 vl=3.9918 t1=0.132 t3=0.268 E[h]=5.09
  ep  5   1.0s tl=3.9471 vl=3.9617 t1=0.141 t3=0.276 E[h]=5.12
  ep  6   1.0s tl=3.9235 vl=3.9381 t1=0.147 t3=0.279 E[h]=5.10
  ep  7   1.0s tl=3.8979 vl=3.9155 t1=0.144 t3=0.281 E[h]=5.08
  ep  8   1.0s tl=3.8815 vl=3.9126 t1=0.148 t3=0.287 E[h]=5.06
  ep  9   1.0s tl=3.8598 vl=3.9043 t1=0.153 t3=0.295 E[h]=5.08
  ep 10   1.0s tl=3.8510 vl=3.9000 t1=0.145 t3=0.288 E[h]=5.05
  ep 11   1.0s tl=3.8360 vl=3.8891 t1=0.149 t3=0.290 E[h]=5.07
  ep 12   1.0s tl=3.8249 vl=3.8618 t1=0.158 t3=0.299 E[h]=5.05
  ep 13   0.9s tl=3.8140 vl=3.8709 t1=0.150 t3=0.288 E[h]=5.05
  ep 14   0.9s tl=3.8024 vl=3.8601 t1=0.158 t3=0.299 E[h]=5.07
  ep 15   0.9s tl=3.7956 vl=3.8508 t1=0.154 t3=0.295 E[h]=5.03
  ep 16   0.9s tl=3.7866 vl=3.8586 t1=0.154 t3=0.296 E[h]=5.07
  ep 17   0.9s tl=3.7797 vl=3.8392 t1=0.161 t3=0.299 E[h]=5.05
  ep 18   0.9s tl=3.7713 vl=3.8335 t1=0.159 t3=0.298 E[h]=5.04
  ep 19   0.9s tl=3.7666 vl=3.8474 t1=0.158 t3=0.297 E[h]=5.06
  ep 20   0.9s tl=3.7589 vl=3.8324 t1=0.160 t3=0.299 E[h]=5.06
  ep 21   0.9s tl=3.7575 vl=3.8401 t1=0.159 t3=0.297 E[h]=5.04
  ep 22   0.9s tl=3.7487 vl=3.8390 t1=0.159 t3=0.305 E[h]=5.04
  ep 23   0.9s tl=3.7433 vl=3.8296 t1=0.158 t3=0.303 E[h]=5.02
  ep 24   0.9s tl=3.7408 vl=3.8323 t1=0.161 t3=0.299 E[h]=5.04
  ep 25   0.9s tl=3.7338 vl=3.8263 t1=0.161 t3=0.302 E[h]=5.05
  ep 26   0.9s tl=3.7308 vl=3.8192 t1=0.162 t3=0.298 E[h]=5.03
  ep 27   0.9s tl=3.7247 vl=3.8145 t1=0.160 t3=0.303 E[h]=5.05
  ep 28   0.9s tl=3.7207 vl=3.8297 t1=0.155 t3=0.299 E[h]=5.06
  ep 29   0.9s tl=3.7134 vl=3.8215 t1=0.158 t3=0.300 E[h]=5.04
  ep 30   0.9s tl=3.7115 vl=3.8281 t1=0.158 t3=0.305 E[h]=5.06
  ep 31   0.9s tl=3.7073 vl=3.8211 t1=0.159 t3=0.303 E[h]=5.04
  early stop @ ep 31
  TEST top1=0.174 top3=0.316 top5=0.405 E[hops]=4.87

========== no_metro  (device=cpu) ==========
  drop_metro=True  drop_bipartite=False  drop_lost_edges=False  mask_lost_input=False  no_ctx_mp=False  n_layers=2
  metro edges dropped → 0
  metro=0  found=6700  lost=7375  pickup=7613
  model params: 103,746
  ep  0   0.9s tl=4.5984 vl=4.2478 t1=0.075 t3=0.202 E[h]=5.53
  ep  1   0.9s tl=4.2105 vl=4.1393 t1=0.103 t3=0.222 E[h]=5.38
  ep  2   0.9s tl=4.1134 vl=4.0890 t1=0.118 t3=0.238 E[h]=5.31
  ep  3   0.9s tl=4.0587 vl=4.0530 t1=0.124 t3=0.246 E[h]=5.22
  ep  4   0.9s tl=4.0175 vl=4.0190 t1=0.126 t3=0.267 E[h]=5.19
  ep  5   0.9s tl=3.9820 vl=3.9912 t1=0.133 t3=0.269 E[h]=5.23
  ep  6   0.9s tl=3.9483 vl=3.9594 t1=0.137 t3=0.270 E[h]=5.17
  ep  7   1.1s tl=3.9203 vl=3.9343 t1=0.141 t3=0.280 E[h]=5.12
  ep  8   1.4s tl=3.9008 vl=3.9221 t1=0.143 t3=0.280 E[h]=5.07
  ep  9   1.4s tl=3.8794 vl=3.9247 t1=0.143 t3=0.287 E[h]=5.09
  ep 10   1.5s tl=3.8670 vl=3.9107 t1=0.148 t3=0.280 E[h]=5.10
  ep 11   1.5s tl=3.8504 vl=3.8929 t1=0.146 t3=0.290 E[h]=5.08
  ep 12   1.5s tl=3.8399 vl=3.8771 t1=0.153 t3=0.289 E[h]=5.09
  ep 13   1.4s tl=3.8277 vl=3.8819 t1=0.150 t3=0.290 E[h]=5.08
  ep 14   1.4s tl=3.8133 vl=3.8741 t1=0.153 t3=0.294 E[h]=5.07
  ep 15   1.5s tl=3.8068 vl=3.8584 t1=0.154 t3=0.291 E[h]=5.05
  ep 16   1.5s tl=3.7973 vl=3.8720 t1=0.150 t3=0.289 E[h]=5.11
  ep 17   1.4s tl=3.7884 vl=3.8563 t1=0.152 t3=0.293 E[h]=5.04
  ep 18   1.4s tl=3.7784 vl=3.8500 t1=0.156 t3=0.297 E[h]=5.03
  ep 19   1.4s tl=3.7732 vl=3.8546 t1=0.156 t3=0.293 E[h]=5.07
  ep 20   1.4s tl=3.7640 vl=3.8480 t1=0.157 t3=0.298 E[h]=5.08
  ep 21   1.4s tl=3.7614 vl=3.8523 t1=0.154 t3=0.290 E[h]=5.05
  ep 22   1.4s tl=3.7542 vl=3.8447 t1=0.156 t3=0.296 E[h]=5.07
  ep 23   1.4s tl=3.7491 vl=3.8446 t1=0.156 t3=0.295 E[h]=5.05
  ep 24   1.4s tl=3.7443 vl=3.8408 t1=0.157 t3=0.294 E[h]=5.08
  ep 25   1.4s tl=3.7371 vl=3.8336 t1=0.162 t3=0.297 E[h]=5.07
  ep 26   1.4s tl=3.7318 vl=3.8364 t1=0.160 t3=0.293 E[h]=5.06
  early stop @ ep 26
  TEST top1=0.174 top3=0.319 top5=0.409 E[hops]=4.88

========== no_ctx_mp  (device=cpu) ==========
  drop_metro=False  drop_bipartite=False  drop_lost_edges=False  mask_lost_input=False  no_ctx_mp=True  n_layers=2
  metro=352  found=6700  lost=7375  pickup=7613
  model params: 103,746
  ep  0   1.1s tl=4.5575 vl=4.1884 t1=0.089 t3=0.213 E[h]=5.36
  ep  1   1.1s tl=4.1631 vl=4.1020 t1=0.115 t3=0.231 E[h]=5.27
  ep  2   1.1s tl=4.0740 vl=4.0392 t1=0.123 t3=0.249 E[h]=5.24
  ep  3   1.1s tl=4.0068 vl=3.9962 t1=0.136 t3=0.263 E[h]=5.15
  ep  4   1.1s tl=3.9606 vl=3.9653 t1=0.135 t3=0.266 E[h]=5.13
  ep  5   1.1s tl=3.9183 vl=3.9309 t1=0.149 t3=0.282 E[h]=5.12
  ep  6   1.1s tl=3.8936 vl=3.9216 t1=0.150 t3=0.284 E[h]=5.12
  ep  7   1.1s tl=3.8691 vl=3.9011 t1=0.151 t3=0.289 E[h]=5.04
  ep  8   1.1s tl=3.8509 vl=3.8906 t1=0.149 t3=0.290 E[h]=5.04
  ep  9   1.1s tl=3.8288 vl=3.8889 t1=0.158 t3=0.296 E[h]=5.05
  ep 10   1.1s tl=3.8140 vl=3.8795 t1=0.155 t3=0.295 E[h]=5.08
  ep 11   1.1s tl=3.8044 vl=3.8645 t1=0.156 t3=0.297 E[h]=5.06
  ep 12   1.1s tl=3.7895 vl=3.8524 t1=0.163 t3=0.297 E[h]=5.09
  ep 13   1.1s tl=3.7827 vl=3.8610 t1=0.158 t3=0.292 E[h]=5.08
  ep 14   1.1s tl=3.7707 vl=3.8578 t1=0.159 t3=0.297 E[h]=5.06
  ep 15   1.0s tl=3.7629 vl=3.8427 t1=0.160 t3=0.296 E[h]=5.08
  ep 16   1.1s tl=3.7571 vl=3.8568 t1=0.155 t3=0.294 E[h]=5.09
  early stop @ ep 16
  TEST top1=0.159 top3=0.302 top5=0.392 E[hops]=4.94

========== no_mp  (device=cpu) ==========
  drop_metro=False  drop_bipartite=False  drop_lost_edges=False  mask_lost_input=False  no_ctx_mp=False  n_layers=0
  metro=352  found=6700  lost=7375  pickup=7613
  model params: 28,354
  ep  0   0.2s tl=4.5496 vl=4.4826 t1=0.060 t3=0.134 E[h]=5.57
  ep  1   0.2s tl=4.4432 vl=4.4614 t1=0.063 t3=0.142 E[h]=5.48
  ep  2   0.2s tl=4.4229 vl=4.4436 t1=0.066 t3=0.154 E[h]=5.44
  ep  3   0.2s tl=4.4045 vl=4.4339 t1=0.067 t3=0.157 E[h]=5.46
  ep  4   0.2s tl=4.3898 vl=4.4352 t1=0.077 t3=0.174 E[h]=5.48
  ep  5   0.2s tl=4.3790 vl=4.4271 t1=0.073 t3=0.161 E[h]=5.45
  ep  6   0.2s tl=4.3677 vl=4.4264 t1=0.076 t3=0.173 E[h]=5.43
  ep  7   0.2s tl=4.3595 vl=4.4155 t1=0.083 t3=0.183 E[h]=5.44
  ep  8   0.2s tl=4.3501 vl=4.4157 t1=0.083 t3=0.182 E[h]=5.46
  ep  9   0.2s tl=4.3401 vl=4.4146 t1=0.089 t3=0.189 E[h]=5.44
  ep 10   0.2s tl=4.3330 vl=4.4113 t1=0.088 t3=0.181 E[h]=5.46
  ep 11   0.2s tl=4.3263 vl=4.4153 t1=0.093 t3=0.187 E[h]=5.49
  ep 12   0.2s tl=4.3199 vl=4.4088 t1=0.091 t3=0.188 E[h]=5.45
  ep 13   0.2s tl=4.3150 vl=4.4014 t1=0.097 t3=0.187 E[h]=5.44
  ep 14   0.2s tl=4.3066 vl=4.4080 t1=0.101 t3=0.192 E[h]=5.47
  early stop @ ep 14
  TEST top1=0.082 top3=0.187 top5=0.248 E[hops]=5.30

========== only_metro  (device=cpu) ==========
  drop_metro=False  drop_bipartite=True  drop_lost_edges=False  mask_lost_input=False  no_ctx_mp=False  n_layers=2
  bipartite (found+lost+pickup) edges dropped → 0
  metro=352  found=0  lost=0  pickup=0
  model params: 103,746
  ep  0   0.3s tl=4.6424 vl=4.2760 t1=0.072 t3=0.181 E[h]=5.44
  ep  1   0.3s tl=4.2813 vl=4.1782 t1=0.096 t3=0.220 E[h]=5.36
  ep  2   0.3s tl=4.1799 vl=4.1202 t1=0.111 t3=0.240 E[h]=5.24
  ep  3   0.3s tl=4.1211 vl=4.0929 t1=0.120 t3=0.249 E[h]=5.22
  ep  4   0.3s tl=4.0775 vl=4.0429 t1=0.124 t3=0.266 E[h]=5.18
  ep  5   0.3s tl=4.0424 vl=4.0104 t1=0.127 t3=0.264 E[h]=5.18
  ep  6   0.3s tl=4.0140 vl=3.9916 t1=0.139 t3=0.271 E[h]=5.13
  ep  7   0.3s tl=3.9914 vl=3.9823 t1=0.140 t3=0.273 E[h]=5.12
  ep  8   0.3s tl=3.9685 vl=3.9622 t1=0.143 t3=0.276 E[h]=5.13
  ep  9   0.3s tl=3.9522 vl=3.9623 t1=0.137 t3=0.275 E[h]=5.11
  ep 10   0.3s tl=3.9396 vl=3.9504 t1=0.139 t3=0.276 E[h]=5.09
  ep 11   0.3s tl=3.9265 vl=3.9446 t1=0.142 t3=0.274 E[h]=5.12
  ep 12   0.3s tl=3.9148 vl=3.9408 t1=0.144 t3=0.278 E[h]=5.08
  ep 13   0.3s tl=3.9043 vl=3.9410 t1=0.142 t3=0.275 E[h]=5.06
  ep 14   0.3s tl=3.8967 vl=3.9318 t1=0.140 t3=0.274 E[h]=5.05
  ep 15   0.3s tl=3.8856 vl=3.9291 t1=0.142 t3=0.275 E[h]=5.09
  ep 16   0.3s tl=3.8800 vl=3.9221 t1=0.147 t3=0.281 E[h]=5.06
  ep 17   0.3s tl=3.8699 vl=3.9265 t1=0.146 t3=0.278 E[h]=5.06
  ep 18   0.3s tl=3.8626 vl=3.9224 t1=0.146 t3=0.276 E[h]=5.10
  ep 19   0.3s tl=3.8561 vl=3.9231 t1=0.147 t3=0.278 E[h]=5.07
  ep 20   0.3s tl=3.8502 vl=3.9222 t1=0.144 t3=0.276 E[h]=5.10
  ep 21   0.3s tl=3.8465 vl=3.9218 t1=0.147 t3=0.279 E[h]=5.11
  ep 22   0.3s tl=3.8409 vl=3.9163 t1=0.146 t3=0.282 E[h]=5.10
  early stop @ ep 22
  TEST top1=0.157 top3=0.294 top5=0.377 E[hops]=4.97

========== no_lost_edges  (device=cpu) ==========
  drop_metro=False  drop_bipartite=False  drop_lost_edges=True  mask_lost_input=False  no_ctx_mp=False  n_layers=2
  lost_at edges dropped → 0
  metro=352  found=6700  lost=0  pickup=7613
  model params: 103,746
  ep  0   1.0s tl=4.5994 vl=4.2377 t1=0.079 t3=0.192 E[h]=5.45
  ep  1   1.0s tl=4.1885 vl=4.1112 t1=0.105 t3=0.235 E[h]=5.32
  ep  2   1.0s tl=4.0925 vl=4.0540 t1=0.114 t3=0.248 E[h]=5.25
  ep  3   1.0s tl=4.0375 vl=4.0189 t1=0.123 t3=0.262 E[h]=5.15
  ep  4   1.0s tl=3.9901 vl=4.0247 t1=0.123 t3=0.255 E[h]=5.22
  ep  5   1.0s tl=3.9541 vl=3.9516 t1=0.134 t3=0.273 E[h]=5.15
  ep  6   1.0s tl=3.9262 vl=3.9339 t1=0.140 t3=0.278 E[h]=5.13
  ep  7   1.0s tl=3.9022 vl=3.9181 t1=0.141 t3=0.281 E[h]=5.09
  ep  8   1.0s tl=3.8876 vl=3.9078 t1=0.146 t3=0.281 E[h]=5.09
  ep  9   1.0s tl=3.8661 vl=3.8983 t1=0.148 t3=0.292 E[h]=5.07
  ep 10   1.0s tl=3.8561 vl=3.8983 t1=0.148 t3=0.284 E[h]=5.09
  ep 11   1.0s tl=3.8402 vl=3.8846 t1=0.150 t3=0.291 E[h]=5.07
  ep 12   1.0s tl=3.8301 vl=3.8728 t1=0.149 t3=0.295 E[h]=5.07
  ep 13   1.0s tl=3.8181 vl=3.8689 t1=0.152 t3=0.289 E[h]=5.08
  ep 14   1.0s tl=3.8071 vl=3.8630 t1=0.150 t3=0.291 E[h]=5.05
  ep 15   1.0s tl=3.8018 vl=3.8544 t1=0.152 t3=0.291 E[h]=5.07
  ep 16   1.0s tl=3.7904 vl=3.8785 t1=0.150 t3=0.288 E[h]=5.07
  ep 17   1.0s tl=3.7816 vl=3.8411 t1=0.155 t3=0.295 E[h]=5.03
  ep 18   1.0s tl=3.7745 vl=3.8382 t1=0.159 t3=0.295 E[h]=5.03
  ep 19   1.0s tl=3.7722 vl=3.8375 t1=0.154 t3=0.294 E[h]=5.05
  ep 20   1.0s tl=3.7629 vl=3.8360 t1=0.155 t3=0.297 E[h]=5.07
  ep 21   1.0s tl=3.7608 vl=3.8488 t1=0.154 t3=0.294 E[h]=5.05
  ep 22   1.0s tl=3.7513 vl=3.8372 t1=0.158 t3=0.299 E[h]=5.07
  ep 23   1.0s tl=3.7505 vl=3.8246 t1=0.157 t3=0.295 E[h]=5.02
  ep 24   1.0s tl=3.7487 vl=3.8357 t1=0.160 t3=0.297 E[h]=5.07
  ep 25   1.0s tl=3.7408 vl=3.8234 t1=0.161 t3=0.295 E[h]=5.05
  ep 26   1.0s tl=3.7377 vl=3.8280 t1=0.158 t3=0.294 E[h]=5.07
  ep 27   1.0s tl=3.7309 vl=3.8103 t1=0.163 t3=0.306 E[h]=5.02
  ep 28   1.0s tl=3.7266 vl=3.8249 t1=0.156 t3=0.297 E[h]=5.07
  ep 29   1.0s tl=3.7248 vl=3.8201 t1=0.157 t3=0.302 E[h]=5.04
  ep 30   1.0s tl=3.7176 vl=3.8209 t1=0.160 t3=0.300 E[h]=5.05
  ep 31   1.0s tl=3.7126 vl=3.8306 t1=0.159 t3=0.297 E[h]=5.04
  ep 32   1.0s tl=3.7127 vl=3.8217 t1=0.157 t3=0.296 E[h]=5.07
  ep 33   0.8s tl=3.7110 vl=3.8202 t1=0.158 t3=0.302 E[h]=5.04
  ep 34   0.7s tl=3.7015 vl=3.8178 t1=0.159 t3=0.301 E[h]=5.03
  ep 35   0.7s tl=3.7007 vl=3.8227 t1=0.157 t3=0.297 E[h]=5.06
  early stop @ ep 35
  TEST top1=0.172 top3=0.318 top5=0.414 E[hops]=4.87

========== no_lost_input  (device=cpu) ==========
  drop_metro=False  drop_bipartite=False  drop_lost_edges=False  mask_lost_input=True  no_ctx_mp=False  n_layers=2
  metro=352  found=6700  lost=7375  pickup=7613
  model params: 103,746
  ep  0   1.0s tl=4.6308 vl=4.3273 t1=0.060 t3=0.170 E[h]=5.60
  ep  1   1.0s tl=4.2893 vl=4.2208 t1=0.093 t3=0.200 E[h]=5.54
  ep  2   1.0s tl=4.1955 vl=4.1682 t1=0.105 t3=0.214 E[h]=5.44
  ep  3   1.0s tl=4.1566 vl=4.1616 t1=0.112 t3=0.226 E[h]=5.45
  ep  4   1.0s tl=4.1247 vl=4.1518 t1=0.106 t3=0.228 E[h]=5.37
  ep  5   1.0s tl=4.0982 vl=4.1084 t1=0.117 t3=0.234 E[h]=5.39
  ep  6   1.0s tl=4.0814 vl=4.0969 t1=0.122 t3=0.235 E[h]=5.38
  ep  7   1.1s tl=4.0648 vl=4.0847 t1=0.121 t3=0.235 E[h]=5.37
  ep  8   1.1s tl=4.0505 vl=4.0819 t1=0.125 t3=0.239 E[h]=5.32
  ep  9   1.1s tl=4.0404 vl=4.0819 t1=0.126 t3=0.243 E[h]=5.36
  ep 10   1.0s tl=4.0322 vl=4.0750 t1=0.120 t3=0.246 E[h]=5.35
  ep 11   1.0s tl=4.0218 vl=4.0835 t1=0.121 t3=0.242 E[h]=5.33
  ep 12   1.0s tl=4.0146 vl=4.0597 t1=0.123 t3=0.245 E[h]=5.34
  ep 13   1.0s tl=4.0074 vl=4.0665 t1=0.123 t3=0.250 E[h]=5.34
  ep 14   1.1s tl=4.0017 vl=4.0559 t1=0.126 t3=0.247 E[h]=5.34
  ep 15   1.0s tl=3.9966 vl=4.0506 t1=0.129 t3=0.247 E[h]=5.34
  ep 16   1.0s tl=3.9900 vl=4.0585 t1=0.125 t3=0.242 E[h]=5.36
  early stop @ ep 16
  TEST top1=0.140 top3=0.262 top5=0.338 E[hops]=5.24

========== no_lost_edges_or_in  (device=cpu) ==========
  drop_metro=False  drop_bipartite=False  drop_lost_edges=True  mask_lost_input=True  no_ctx_mp=False  n_layers=2
  lost_at edges dropped → 0
  metro=352  found=6700  lost=0  pickup=7613
  model params: 103,746
  ep  0   0.7s tl=4.6529 vl=4.3341 t1=0.064 t3=0.165 E[h]=5.59
  ep  1   0.8s tl=4.2924 vl=4.2205 t1=0.079 t3=0.193 E[h]=5.53
  ep  2   0.7s tl=4.2108 vl=4.1800 t1=0.101 t3=0.214 E[h]=5.47
  ep  3   0.7s tl=4.1713 vl=4.1503 t1=0.109 t3=0.221 E[h]=5.42
  ep  4   0.7s tl=4.1342 vl=4.1462 t1=0.112 t3=0.230 E[h]=5.41
  ep  5   0.7s tl=4.1068 vl=4.1038 t1=0.112 t3=0.235 E[h]=5.42
  ep  6   0.7s tl=4.0878 vl=4.1030 t1=0.117 t3=0.236 E[h]=5.42
  ep  7   0.8s tl=4.0716 vl=4.0911 t1=0.119 t3=0.233 E[h]=5.35
  ep  8   0.8s tl=4.0587 vl=4.0765 t1=0.125 t3=0.238 E[h]=5.34
  ep  9   0.7s tl=4.0465 vl=4.0817 t1=0.126 t3=0.242 E[h]=5.37
  ep 10   0.8s tl=4.0415 vl=4.0816 t1=0.120 t3=0.234 E[h]=5.36
  ep 11   0.7s tl=4.0307 vl=4.0827 t1=0.120 t3=0.237 E[h]=5.38
  ep 12   0.7s tl=4.0224 vl=4.0610 t1=0.126 t3=0.241 E[h]=5.36
  ep 13   0.7s tl=4.0152 vl=4.0609 t1=0.127 t3=0.245 E[h]=5.36
  ep 14   0.7s tl=4.0087 vl=4.0531 t1=0.126 t3=0.244 E[h]=5.35
  ep 15   0.7s tl=4.0054 vl=4.0416 t1=0.126 t3=0.246 E[h]=5.36
  ep 16   0.7s tl=3.9965 vl=4.0719 t1=0.124 t3=0.244 E[h]=5.36
  early stop @ ep 16
  TEST top1=0.137 top3=0.253 top5=0.342 E[hops]=5.24

Wrote artifacts/models_v3/ablation_summary.json

=== Comparison Table (v2 data with lost_at) ===
variant                   params   top1   top3   top5  E[hops]   cov
--------------------------------------------------------------------
full                     103,746  0.174  0.316  0.405     4.87  0.38
no_metro                 103,746  0.174  0.319  0.409     4.88  0.35
no_ctx_mp                103,746  0.159  0.302  0.392     4.94  0.24
no_mp                     28,354  0.082  0.187  0.248     5.30  0.18
only_metro               103,746  0.157  0.294  0.377     4.97  0.31
no_lost_edges            103,746  0.172  0.318  0.414     4.87  0.42
no_lost_input            103,746  0.140  0.262  0.338     5.24  0.18
no_lost_edges_or_in      103,746  0.137  0.253  0.342     5.24  0.22
(baseline) same_station         -      -      -      -     6.53  0.96
(baseline) mode_lookup         -      -      -      -     5.66  0.78
