
========== full (R-GCN, per-relation weights)  (device=cpu) ==========
  effective params: 103,746
  ep  0   1.4s tl=4.5927 vl=4.2400 t1=0.085 E[h]=5.54
  ep  1   1.4s tl=4.1876 vl=4.1191 t1=0.102 E[h]=5.34
  ep  2   1.4s tl=4.0833 vl=4.0469 t1=0.120 E[h]=5.22
  ep  3   1.5s tl=4.0266 vl=4.0111 t1=0.130 E[h]=5.13
  ep  4   1.4s tl=3.9802 vl=3.9909 t1=0.133 E[h]=5.10
  ep  5   1.4s tl=3.9456 vl=3.9572 t1=0.138 E[h]=5.11
  ep  6   1.4s tl=3.9211 vl=3.9352 t1=0.145 E[h]=5.09
  ep  7   1.5s tl=3.8961 vl=3.9151 t1=0.140 E[h]=5.08
  ep  8   1.4s tl=3.8813 vl=3.9084 t1=0.148 E[h]=5.05
  ep  9   1.4s tl=3.8592 vl=3.8992 t1=0.152 E[h]=5.08
  ep 10   1.4s tl=3.8520 vl=3.8984 t1=0.148 E[h]=5.08
  ep 11   1.4s tl=3.8351 vl=3.8777 t1=0.151 E[h]=5.07
  ep 12   1.4s tl=3.8247 vl=3.8595 t1=0.156 E[h]=5.05
  ep 13   1.4s tl=3.8146 vl=3.8723 t1=0.155 E[h]=5.05
  ep 14   1.4s tl=3.8032 vl=3.8564 t1=0.158 E[h]=5.05
  ep 15   1.4s tl=3.7979 vl=3.8500 t1=0.156 E[h]=5.06
  ep 16   1.4s tl=3.7873 vl=3.8568 t1=0.155 E[h]=5.09
  ep 17   1.4s tl=3.7777 vl=3.8412 t1=0.158 E[h]=5.05
  ep 18   1.4s tl=3.7718 vl=3.8362 t1=0.157 E[h]=5.03
  ep 19   1.3s tl=3.7682 vl=3.8425 t1=0.157 E[h]=5.07
  ep 20   1.4s tl=3.7592 vl=3.8347 t1=0.155 E[h]=5.07
  ep 21   1.4s tl=3.7580 vl=3.8410 t1=0.158 E[h]=5.04
  ep 22   1.4s tl=3.7497 vl=3.8418 t1=0.157 E[h]=5.06
  ep 23   1.4s tl=3.7439 vl=3.8254 t1=0.159 E[h]=5.03
  ep 24   1.4s tl=3.7402 vl=3.8273 t1=0.159 E[h]=5.05
  ep 25   1.4s tl=3.7316 vl=3.8295 t1=0.157 E[h]=5.04
  ep 26   1.4s tl=3.7298 vl=3.8231 t1=0.158 E[h]=5.05
  ep 27   1.4s tl=3.7243 vl=3.8152 t1=0.159 E[h]=5.05
  ep 28   1.4s tl=3.7202 vl=3.8234 t1=0.154 E[h]=5.05
  ep 29   1.4s tl=3.7162 vl=3.8187 t1=0.156 E[h]=5.03
  ep 30   1.4s tl=3.7105 vl=3.8244 t1=0.158 E[h]=5.05
  ep 31   1.4s tl=3.7038 vl=3.8236 t1=0.158 E[h]=5.03
  early stop @ ep 31
  TEST top1=0.173 top3=0.322 top5=0.413 E[hops]=4.89

========== shared (vanilla-GCN, one shared weight)  (device=cpu) ==========
  effective params: 53,826
  ep  0   1.3s tl=4.5910 vl=4.2606 t1=0.074 E[h]=5.37
  ep  1   1.2s tl=4.2200 vl=4.1374 t1=0.092 E[h]=5.33
  ep  2   1.2s tl=4.1213 vl=4.0733 t1=0.113 E[h]=5.32
  ep  3   1.1s tl=4.0577 vl=4.0184 t1=0.132 E[h]=5.16
  ep  4   1.2s tl=4.0105 vl=3.9929 t1=0.135 E[h]=5.15
  ep  5   1.2s tl=3.9763 vl=3.9574 t1=0.141 E[h]=5.10
  ep  6   1.2s tl=3.9484 vl=3.9452 t1=0.141 E[h]=5.11
  ep  7   1.1s tl=3.9291 vl=3.9292 t1=0.147 E[h]=5.09
  ep  8   1.2s tl=3.9106 vl=3.9186 t1=0.147 E[h]=5.12
  ep  9   1.3s tl=3.8908 vl=3.9084 t1=0.145 E[h]=5.09
  ep 10   1.3s tl=3.8815 vl=3.8976 t1=0.148 E[h]=5.08
  ep 11   1.3s tl=3.8687 vl=3.8872 t1=0.150 E[h]=5.09
  ep 12   1.3s tl=3.8561 vl=3.8784 t1=0.154 E[h]=5.10
  ep 13   1.3s tl=3.8401 vl=3.8687 t1=0.159 E[h]=5.06
  ep 14   1.3s tl=3.8328 vl=3.8700 t1=0.157 E[h]=5.08
  ep 15   1.3s tl=3.8246 vl=3.8650 t1=0.157 E[h]=5.10
  ep 16   1.3s tl=3.8224 vl=3.8677 t1=0.154 E[h]=5.08
  ep 17   1.3s tl=3.8109 vl=3.8485 t1=0.158 E[h]=5.05
  ep 18   1.3s tl=3.8026 vl=3.8530 t1=0.153 E[h]=5.07
  ep 19   1.3s tl=3.7944 vl=3.8485 t1=0.160 E[h]=5.04
  ep 20   1.3s tl=3.7900 vl=3.8516 t1=0.156 E[h]=5.08
  ep 21   1.3s tl=3.7861 vl=3.8329 t1=0.155 E[h]=5.04
  ep 22   1.3s tl=3.7815 vl=3.8368 t1=0.157 E[h]=5.06
  ep 23   1.3s tl=3.7717 vl=3.8392 t1=0.160 E[h]=5.04
  ep 24   1.3s tl=3.7663 vl=3.8394 t1=0.156 E[h]=5.05
  ep 25   1.3s tl=3.7628 vl=3.8389 t1=0.157 E[h]=5.03
  ep 26   1.3s tl=3.7628 vl=3.8436 t1=0.156 E[h]=5.08
  ep 27   1.3s tl=3.7565 vl=3.8383 t1=0.163 E[h]=5.04
  ep 28   1.3s tl=3.7531 vl=3.8276 t1=0.159 E[h]=5.03
  ep 29   1.3s tl=3.7504 vl=3.8346 t1=0.157 E[h]=5.06
  ep 30   1.3s tl=3.7479 vl=3.8379 t1=0.155 E[h]=5.05
  ep 31   1.3s tl=3.7416 vl=3.8333 t1=0.155 E[h]=5.07
  ep 32   1.3s tl=3.7409 vl=3.8299 t1=0.159 E[h]=5.04
  ep 33   1.3s tl=3.7404 vl=3.8263 t1=0.160 E[h]=5.06
  early stop @ ep 33
  TEST top1=0.176 top3=0.319 top5=0.410 E[hops]=4.84

Saved → artifacts/models_v3/shared_relations.json

=== Per-relation vs shared weights ===
variant                                    params    top1    top5   E[hops]
---------------------------------------------------------------------------
full (R-GCN, per-relation weights)        103,746   0.173   0.413      4.89
shared (vanilla-GCN, one shared weight)     53,826   0.176   0.410      4.84
