
========== full  (device=cpu) ==========
  drop_metro=False  drop_bipartite=False  drop_lost_edges=False  mask_lost_input=False  no_ctx_mp=False  n_layers=2
  metro=352  found=7179  lost=7386  pickup=6378
  model params: 103,746
  ep  0   1.0s tl=4.0351 vl=3.5428 t1=0.184 t3=0.359 E[h]=4.33
  ep  1   1.0s tl=3.5198 vl=3.3659 t1=0.221 t3=0.399 E[h]=3.95
  ep  2   1.0s tl=3.3854 vl=3.2787 t1=0.258 t3=0.416 E[h]=3.81
  ep  3   1.0s tl=3.3106 vl=3.2010 t1=0.261 t3=0.434 E[h]=3.69
  ep  4   1.0s tl=3.2455 vl=3.1698 t1=0.270 t3=0.437 E[h]=3.58
  ep  5   1.0s tl=3.2082 vl=3.1384 t1=0.273 t3=0.448 E[h]=3.56
  ep  6   1.0s tl=3.1713 vl=3.1283 t1=0.275 t3=0.444 E[h]=3.54
  ep  7   1.0s tl=3.1549 vl=3.0901 t1=0.279 t3=0.450 E[h]=3.52
  ep  8   1.0s tl=3.1280 vl=3.0857 t1=0.277 t3=0.452 E[h]=3.47
  ep  9   0.9s tl=3.1141 vl=3.0620 t1=0.278 t3=0.454 E[h]=3.46
  ep 10   0.9s tl=3.0944 vl=3.0487 t1=0.281 t3=0.460 E[h]=3.44
  ep 11   1.0s tl=3.0826 vl=3.0301 t1=0.282 t3=0.460 E[h]=3.43
  ep 12   1.0s tl=3.0684 vl=3.0360 t1=0.287 t3=0.460 E[h]=3.43
  ep 13   1.0s tl=3.0593 vl=3.0373 t1=0.286 t3=0.457 E[h]=3.41
  ep 14   1.0s tl=3.0489 vl=3.0236 t1=0.284 t3=0.464 E[h]=3.41
  ep 15   1.0s tl=3.0360 vl=3.0203 t1=0.289 t3=0.457 E[h]=3.40
  ep 16   1.0s tl=3.0303 vl=3.0127 t1=0.287 t3=0.458 E[h]=3.38
  ep 17   1.0s tl=3.0212 vl=3.0128 t1=0.289 t3=0.464 E[h]=3.38
  ep 18   1.0s tl=3.0164 vl=3.0154 t1=0.289 t3=0.458 E[h]=3.39
  ep 19   1.0s tl=3.0070 vl=3.0158 t1=0.288 t3=0.464 E[h]=3.38
  ep 20   1.0s tl=2.9981 vl=3.0177 t1=0.287 t3=0.460 E[h]=3.39
  ep 21   1.0s tl=2.9942 vl=3.0000 t1=0.289 t3=0.462 E[h]=3.35
  ep 22   1.0s tl=2.9906 vl=3.0046 t1=0.285 t3=0.463 E[h]=3.37
  ep 23   1.0s tl=2.9812 vl=2.9976 t1=0.286 t3=0.462 E[h]=3.37
  ep 24   1.0s tl=2.9787 vl=2.9948 t1=0.290 t3=0.460 E[h]=3.36
  ep 25   1.0s tl=2.9748 vl=2.9927 t1=0.289 t3=0.465 E[h]=3.37
  ep 26   1.0s tl=2.9712 vl=2.9924 t1=0.292 t3=0.464 E[h]=3.38
  ep 27   1.0s tl=2.9663 vl=2.9958 t1=0.290 t3=0.465 E[h]=3.37
  ep 28   1.0s tl=2.9616 vl=2.9895 t1=0.292 t3=0.468 E[h]=3.35
  ep 29   1.0s tl=2.9584 vl=3.0025 t1=0.292 t3=0.465 E[h]=3.34
  ep 30   1.0s tl=2.9587 vl=2.9862 t1=0.289 t3=0.473 E[h]=3.36
  ep 31   0.9s tl=2.9485 vl=2.9880 t1=0.285 t3=0.467 E[h]=3.36
  ep 32   1.0s tl=2.9473 vl=2.9853 t1=0.289 t3=0.470 E[h]=3.36
  ep 33   1.0s tl=2.9478 vl=2.9900 t1=0.290 t3=0.469 E[h]=3.35
  ep 34   1.0s tl=2.9438 vl=2.9871 t1=0.291 t3=0.467 E[h]=3.36
  ep 35   0.9s tl=2.9409 vl=2.9853 t1=0.289 t3=0.470 E[h]=3.37
  ep 36   1.0s tl=2.9391 vl=2.9873 t1=0.291 t3=0.466 E[h]=3.38
  ep 37   1.0s tl=2.9317 vl=2.9958 t1=0.285 t3=0.466 E[h]=3.37
  early stop @ ep 37
  TEST top1=0.297 top3=0.455 top5=0.549 E[hops]=3.36

========== no_metro  (device=cpu) ==========
  drop_metro=True  drop_bipartite=False  drop_lost_edges=False  mask_lost_input=False  no_ctx_mp=False  n_layers=2
  metro edges dropped → 0
  metro=0  found=7179  lost=7386  pickup=6378
  model params: 103,746
  ep  0   0.9s tl=4.0362 vl=3.5760 t1=0.172 t3=0.348 E[h]=4.40
  ep  1   0.9s tl=3.5557 vl=3.4119 t1=0.204 t3=0.393 E[h]=4.14
  ep  2   1.0s tl=3.4281 vl=3.3329 t1=0.247 t3=0.405 E[h]=3.98
  ep  3   0.9s tl=3.3476 vl=3.2590 t1=0.255 t3=0.422 E[h]=3.79
  ep  4   0.9s tl=3.2873 vl=3.2241 t1=0.263 t3=0.426 E[h]=3.66
  ep  5   0.9s tl=3.2493 vl=3.1602 t1=0.271 t3=0.445 E[h]=3.62
  ep  6   1.0s tl=3.2049 vl=3.1531 t1=0.270 t3=0.440 E[h]=3.61
  ep  7   0.9s tl=3.1813 vl=3.1406 t1=0.277 t3=0.443 E[h]=3.56
  ep  8   0.9s tl=3.1549 vl=3.1054 t1=0.278 t3=0.449 E[h]=3.51
  ep  9   0.9s tl=3.1367 vl=3.0861 t1=0.282 t3=0.454 E[h]=3.50
  ep 10   0.9s tl=3.1216 vl=3.0849 t1=0.281 t3=0.452 E[h]=3.48
  ep 11   1.0s tl=3.1069 vl=3.0784 t1=0.284 t3=0.455 E[h]=3.49
  ep 12   0.9s tl=3.0945 vl=3.0704 t1=0.283 t3=0.458 E[h]=3.46
  ep 13   0.9s tl=3.0835 vl=3.0556 t1=0.281 t3=0.460 E[h]=3.44
  ep 14   0.9s tl=3.0660 vl=3.0452 t1=0.288 t3=0.460 E[h]=3.41
  ep 15   0.9s tl=3.0588 vl=3.0366 t1=0.288 t3=0.460 E[h]=3.42
  ep 16   0.9s tl=3.0493 vl=3.0333 t1=0.289 t3=0.460 E[h]=3.42
  ep 17   0.9s tl=3.0403 vl=3.0437 t1=0.289 t3=0.456 E[h]=3.43
  ep 18   0.9s tl=3.0329 vl=3.0469 t1=0.288 t3=0.456 E[h]=3.44
  ep 19   0.9s tl=3.0270 vl=3.0381 t1=0.286 t3=0.456 E[h]=3.40
  ep 20   0.9s tl=3.0171 vl=3.0398 t1=0.287 t3=0.456 E[h]=3.39
  ep 21   0.9s tl=3.0117 vl=3.0182 t1=0.286 t3=0.465 E[h]=3.41
  ep 22   0.9s tl=3.0084 vl=3.0255 t1=0.287 t3=0.459 E[h]=3.41
  ep 23   1.0s tl=3.0032 vl=3.0243 t1=0.285 t3=0.463 E[h]=3.43
  ep 24   0.9s tl=2.9977 vl=3.0184 t1=0.288 t3=0.460 E[h]=3.39
  ep 25   0.9s tl=2.9913 vl=3.0104 t1=0.291 t3=0.465 E[h]=3.39
  ep 26   0.9s tl=2.9846 vl=3.0089 t1=0.289 t3=0.461 E[h]=3.39
  ep 27   1.0s tl=2.9859 vl=3.0049 t1=0.291 t3=0.467 E[h]=3.37
  ep 28   0.9s tl=2.9792 vl=3.0193 t1=0.288 t3=0.460 E[h]=3.38
  ep 29   0.9s tl=2.9721 vl=3.0304 t1=0.289 t3=0.455 E[h]=3.38
  ep 30   0.9s tl=2.9765 vl=3.0109 t1=0.293 t3=0.463 E[h]=3.38
  ep 31   0.9s tl=2.9655 vl=3.0102 t1=0.287 t3=0.459 E[h]=3.37
  ep 32   0.9s tl=2.9628 vl=3.0109 t1=0.291 t3=0.461 E[h]=3.39
  ep 33   0.9s tl=2.9611 vl=3.0047 t1=0.292 t3=0.462 E[h]=3.35
  ep 34   0.9s tl=2.9589 vl=3.0112 t1=0.293 t3=0.455 E[h]=3.36
  ep 35   1.0s tl=2.9560 vl=3.0014 t1=0.287 t3=0.461 E[h]=3.36
  ep 36   0.9s tl=2.9536 vl=3.0050 t1=0.289 t3=0.463 E[h]=3.37
  ep 37   0.9s tl=2.9459 vl=3.0126 t1=0.290 t3=0.460 E[h]=3.38
  ep 38   1.0s tl=2.9489 vl=3.0058 t1=0.291 t3=0.461 E[h]=3.37
  ep 39   1.0s tl=2.9417 vl=3.0159 t1=0.286 t3=0.454 E[h]=3.39
  TEST top1=0.298 top3=0.455 top5=0.548 E[hops]=3.39

========== no_ctx_mp  (device=cpu) ==========
  drop_metro=False  drop_bipartite=False  drop_lost_edges=False  mask_lost_input=False  no_ctx_mp=True  n_layers=2
  metro=352  found=7179  lost=7386  pickup=6378
  model params: 103,746
  ep  0   0.7s tl=4.0142 vl=3.5531 t1=0.207 t3=0.365 E[h]=4.33
  ep  1   0.7s tl=3.5187 vl=3.3315 t1=0.236 t3=0.409 E[h]=3.92
  ep  2   0.7s tl=3.3586 vl=3.2487 t1=0.250 t3=0.426 E[h]=3.76
  ep  3   0.7s tl=3.2732 vl=3.1864 t1=0.263 t3=0.433 E[h]=3.63
  ep  4   0.8s tl=3.2112 vl=3.1556 t1=0.266 t3=0.435 E[h]=3.58
  ep  5   0.7s tl=3.1732 vl=3.0985 t1=0.278 t3=0.446 E[h]=3.48
  ep  6   0.7s tl=3.1435 vl=3.0881 t1=0.273 t3=0.447 E[h]=3.51
  ep  7   0.7s tl=3.1130 vl=3.0773 t1=0.282 t3=0.451 E[h]=3.49
  ep  8   0.7s tl=3.0935 vl=3.0573 t1=0.277 t3=0.454 E[h]=3.48
  ep  9   0.7s tl=3.0773 vl=3.0462 t1=0.277 t3=0.451 E[h]=3.47
  ep 10   0.7s tl=3.0656 vl=3.0420 t1=0.281 t3=0.454 E[h]=3.44
  ep 11   0.7s tl=3.0483 vl=3.0389 t1=0.282 t3=0.452 E[h]=3.45
  ep 12   0.7s tl=3.0388 vl=3.0396 t1=0.285 t3=0.453 E[h]=3.44
  ep 13   0.7s tl=3.0242 vl=3.0173 t1=0.285 t3=0.457 E[h]=3.41
  ep 14   0.7s tl=3.0169 vl=3.0185 t1=0.287 t3=0.462 E[h]=3.41
  ep 15   0.7s tl=3.0112 vl=3.0128 t1=0.293 t3=0.459 E[h]=3.38
  ep 16   0.7s tl=3.0076 vl=3.0077 t1=0.291 t3=0.463 E[h]=3.39
  ep 17   0.7s tl=2.9988 vl=3.0071 t1=0.290 t3=0.460 E[h]=3.39
  ep 18   0.7s tl=2.9880 vl=3.0137 t1=0.288 t3=0.456 E[h]=3.40
  ep 19   0.7s tl=2.9821 vl=3.0162 t1=0.290 t3=0.457 E[h]=3.39
  ep 20   0.7s tl=2.9743 vl=3.0174 t1=0.289 t3=0.459 E[h]=3.42
  ep 21   0.7s tl=2.9684 vl=3.0098 t1=0.291 t3=0.457 E[h]=3.40
  ep 22   0.7s tl=2.9670 vl=3.0139 t1=0.291 t3=0.454 E[h]=3.39
  ep 23   0.7s tl=2.9598 vl=3.0060 t1=0.288 t3=0.464 E[h]=3.40
  early stop @ ep 23
  TEST top1=0.292 top3=0.454 top5=0.550 E[hops]=3.36

========== no_mp  (device=cpu) ==========
  drop_metro=False  drop_bipartite=False  drop_lost_edges=False  mask_lost_input=False  no_ctx_mp=False  n_layers=0
  metro=352  found=7179  lost=7386  pickup=6378
  model params: 28,354
  ep  0   0.1s tl=4.3234 vl=4.1443 t1=0.154 t3=0.280 E[h]=4.73
  ep  1   0.1s tl=4.1384 vl=4.0923 t1=0.175 t3=0.281 E[h]=4.71
  ep  2   0.1s tl=4.0936 vl=4.0656 t1=0.182 t3=0.288 E[h]=4.69
  ep  3   0.1s tl=4.0644 vl=4.0439 t1=0.190 t3=0.287 E[h]=4.66
  ep  4   0.1s tl=4.0439 vl=4.0232 t1=0.187 t3=0.291 E[h]=4.62
  ep  5   0.1s tl=4.0205 vl=4.0172 t1=0.198 t3=0.293 E[h]=4.61
  ep  6   0.1s tl=4.0050 vl=4.0002 t1=0.214 t3=0.298 E[h]=4.70
  ep  7   0.1s tl=3.9858 vl=3.9835 t1=0.222 t3=0.301 E[h]=4.61
  ep  8   0.1s tl=3.9713 vl=3.9776 t1=0.220 t3=0.306 E[h]=4.65
  ep  9   0.1s tl=3.9580 vl=3.9673 t1=0.203 t3=0.302 E[h]=4.65
  ep 10   0.1s tl=3.9428 vl=3.9583 t1=0.221 t3=0.308 E[h]=4.61
  ep 11   0.1s tl=3.9290 vl=3.9519 t1=0.220 t3=0.310 E[h]=4.63
  ep 12   0.1s tl=3.9170 vl=3.9411 t1=0.215 t3=0.306 E[h]=4.58
  ep 13   0.1s tl=3.9037 vl=3.9369 t1=0.229 t3=0.310 E[h]=4.61
  ep 14   0.1s tl=3.8923 vl=3.9237 t1=0.226 t3=0.307 E[h]=4.55
  ep 15   0.1s tl=3.8806 vl=3.9144 t1=0.236 t3=0.312 E[h]=4.55
  ep 16   0.1s tl=3.8707 vl=3.9111 t1=0.235 t3=0.316 E[h]=4.57
  ep 17   0.1s tl=3.8631 vl=3.9095 t1=0.235 t3=0.311 E[h]=4.55
  ep 18   0.1s tl=3.8511 vl=3.9008 t1=0.234 t3=0.306 E[h]=4.54
  ep 19   0.1s tl=3.8418 vl=3.8953 t1=0.236 t3=0.314 E[h]=4.57
  ep 20   0.1s tl=3.8344 vl=3.8832 t1=0.239 t3=0.315 E[h]=4.53
  ep 21   0.1s tl=3.8246 vl=3.8909 t1=0.244 t3=0.313 E[h]=4.49
  ep 22   0.1s tl=3.8189 vl=3.8848 t1=0.245 t3=0.317 E[h]=4.51
  ep 23   0.1s tl=3.8109 vl=3.8851 t1=0.242 t3=0.310 E[h]=4.53
  ep 24   0.1s tl=3.8034 vl=3.8789 t1=0.241 t3=0.312 E[h]=4.44
  ep 25   0.1s tl=3.8029 vl=3.8845 t1=0.238 t3=0.310 E[h]=4.45
  ep 26   0.1s tl=3.7934 vl=3.8599 t1=0.244 t3=0.313 E[h]=4.45
  ep 27   0.1s tl=3.7860 vl=3.8644 t1=0.246 t3=0.309 E[h]=4.47
  ep 28   0.1s tl=3.7812 vl=3.8674 t1=0.246 t3=0.310 E[h]=4.41
  ep 29   0.1s tl=3.7769 vl=3.8611 t1=0.244 t3=0.313 E[h]=4.41
  ep 30   0.1s tl=3.7710 vl=3.8593 t1=0.245 t3=0.311 E[h]=4.42
  ep 31   0.1s tl=3.7685 vl=3.8575 t1=0.245 t3=0.312 E[h]=4.34
  ep 32   0.1s tl=3.7632 vl=3.8537 t1=0.244 t3=0.317 E[h]=4.37
  ep 33   0.1s tl=3.7606 vl=3.8590 t1=0.245 t3=0.311 E[h]=4.39
  ep 34   0.1s tl=3.7555 vl=3.8620 t1=0.243 t3=0.312 E[h]=4.37
  ep 35   0.1s tl=3.7533 vl=3.8557 t1=0.242 t3=0.312 E[h]=4.34
  ep 36   0.1s tl=3.7474 vl=3.8597 t1=0.246 t3=0.312 E[h]=4.30
  ep 37   0.1s tl=3.7442 vl=3.8618 t1=0.246 t3=0.307 E[h]=4.28
  ep 38   0.1s tl=3.7438 vl=3.8591 t1=0.245 t3=0.316 E[h]=4.21
  ep 39   0.1s tl=3.7421 vl=3.8535 t1=0.245 t3=0.310 E[h]=4.23
  TEST top1=0.248 top3=0.308 top5=0.354 E[hops]=4.22

========== only_metro  (device=cpu) ==========
  drop_metro=False  drop_bipartite=True  drop_lost_edges=False  mask_lost_input=False  no_ctx_mp=False  n_layers=2
  bipartite (found+lost+pickup) edges dropped → 0
  metro=352  found=0  lost=0  pickup=0
  model params: 103,746
  ep  0   0.2s tl=4.2792 vl=3.7482 t1=0.169 t3=0.327 E[h]=4.60
  ep  1   0.2s tl=3.7430 vl=3.5210 t1=0.222 t3=0.374 E[h]=4.13
  ep  2   0.2s tl=3.5655 vl=3.4325 t1=0.244 t3=0.391 E[h]=4.04
  ep  3   0.2s tl=3.4716 vl=3.3255 t1=0.242 t3=0.405 E[h]=3.81
  ep  4   0.2s tl=3.3978 vl=3.2768 t1=0.252 t3=0.407 E[h]=3.75
  ep  5   0.2s tl=3.3502 vl=3.2465 t1=0.263 t3=0.415 E[h]=3.73
  ep  6   0.2s tl=3.3126 vl=3.2247 t1=0.268 t3=0.415 E[h]=3.68
  ep  7   0.2s tl=3.2887 vl=3.2018 t1=0.270 t3=0.417 E[h]=3.65
  ep  8   0.2s tl=3.2651 vl=3.1876 t1=0.272 t3=0.418 E[h]=3.61
  ep  9   0.2s tl=3.2519 vl=3.1732 t1=0.272 t3=0.424 E[h]=3.59
  ep 10   0.2s tl=3.2254 vl=3.1755 t1=0.273 t3=0.427 E[h]=3.59
  ep 11   0.2s tl=3.2137 vl=3.1450 t1=0.281 t3=0.432 E[h]=3.56
  ep 12   0.2s tl=3.1983 vl=3.1413 t1=0.280 t3=0.428 E[h]=3.57
  ep 13   0.2s tl=3.1896 vl=3.1333 t1=0.280 t3=0.429 E[h]=3.54
  ep 14   0.2s tl=3.1769 vl=3.1291 t1=0.280 t3=0.430 E[h]=3.54
  ep 15   0.2s tl=3.1638 vl=3.1223 t1=0.286 t3=0.434 E[h]=3.53
  ep 16   0.2s tl=3.1605 vl=3.1200 t1=0.283 t3=0.434 E[h]=3.52
  ep 17   0.2s tl=3.1486 vl=3.1101 t1=0.282 t3=0.434 E[h]=3.52
  ep 18   0.2s tl=3.1388 vl=3.1137 t1=0.281 t3=0.433 E[h]=3.47
  ep 19   0.2s tl=3.1319 vl=3.1160 t1=0.280 t3=0.432 E[h]=3.49
  ep 20   0.2s tl=3.1279 vl=3.0992 t1=0.287 t3=0.435 E[h]=3.49
  ep 21   0.2s tl=3.1207 vl=3.1089 t1=0.286 t3=0.436 E[h]=3.51
  ep 22   0.2s tl=3.1131 vl=3.1001 t1=0.283 t3=0.438 E[h]=3.50
  ep 23   0.2s tl=3.1057 vl=3.1051 t1=0.282 t3=0.435 E[h]=3.46
  ep 24   0.2s tl=3.1014 vl=3.0966 t1=0.282 t3=0.432 E[h]=3.46
  ep 25   0.2s tl=3.1003 vl=3.0990 t1=0.280 t3=0.438 E[h]=3.50
  ep 26   0.2s tl=3.0931 vl=3.1024 t1=0.282 t3=0.435 E[h]=3.48
  ep 27   0.2s tl=3.0876 vl=3.0975 t1=0.284 t3=0.430 E[h]=3.49
  ep 28   0.2s tl=3.0845 vl=3.1069 t1=0.280 t3=0.441 E[h]=3.48
  ep 29   0.2s tl=3.0825 vl=3.0923 t1=0.284 t3=0.434 E[h]=3.49
  ep 30   0.2s tl=3.0756 vl=3.0967 t1=0.282 t3=0.434 E[h]=3.44
  ep 31   0.2s tl=3.0750 vl=3.0924 t1=0.286 t3=0.433 E[h]=3.47
  ep 32   0.2s tl=3.0634 vl=3.0941 t1=0.285 t3=0.431 E[h]=3.47
  ep 33   0.2s tl=3.0618 vl=3.0841 t1=0.282 t3=0.437 E[h]=3.45
  ep 34   0.2s tl=3.0586 vl=3.1058 t1=0.285 t3=0.437 E[h]=3.47
  ep 35   0.2s tl=3.0556 vl=3.0993 t1=0.283 t3=0.435 E[h]=3.44
  ep 36   0.2s tl=3.0541 vl=3.0937 t1=0.283 t3=0.437 E[h]=3.49
  ep 37   0.2s tl=3.0473 vl=3.0989 t1=0.283 t3=0.432 E[h]=3.47
  ep 38   0.2s tl=3.0472 vl=3.0981 t1=0.285 t3=0.435 E[h]=3.46
  ep 39   0.2s tl=3.0471 vl=3.0992 t1=0.281 t3=0.437 E[h]=3.48
  TEST top1=0.286 top3=0.435 top5=0.516 E[hops]=3.39

========== no_lost_edges  (device=cpu) ==========
  drop_metro=False  drop_bipartite=False  drop_lost_edges=True  mask_lost_input=False  no_ctx_mp=False  n_layers=2
  lost_at edges dropped → 0
  metro=352  found=7179  lost=0  pickup=6378
  model params: 103,746
  ep  0   0.7s tl=4.0753 vl=3.5478 t1=0.177 t3=0.351 E[h]=4.37
  ep  1   0.7s tl=3.5478 vl=3.4205 t1=0.211 t3=0.400 E[h]=4.06
  ep  2   0.7s tl=3.4206 vl=3.2861 t1=0.250 t3=0.420 E[h]=3.82
  ep  3   0.7s tl=3.3356 vl=3.2388 t1=0.263 t3=0.429 E[h]=3.73
  ep  4   0.7s tl=3.2723 vl=3.2137 t1=0.268 t3=0.437 E[h]=3.64
  ep  5   0.7s tl=3.2242 vl=3.1665 t1=0.267 t3=0.439 E[h]=3.59
  ep  6   0.7s tl=3.1871 vl=3.1251 t1=0.273 t3=0.447 E[h]=3.54
  ep  7   0.7s tl=3.1638 vl=3.1158 t1=0.277 t3=0.448 E[h]=3.53
  ep  8   0.7s tl=3.1395 vl=3.0932 t1=0.279 t3=0.451 E[h]=3.50
  ep  9   0.7s tl=3.1232 vl=3.0796 t1=0.278 t3=0.452 E[h]=3.47
  ep 10   0.7s tl=3.1052 vl=3.0580 t1=0.280 t3=0.455 E[h]=3.45
  ep 11   0.7s tl=3.0901 vl=3.0692 t1=0.282 t3=0.449 E[h]=3.47
  ep 12   0.7s tl=3.0797 vl=3.0616 t1=0.282 t3=0.453 E[h]=3.47
  ep 13   0.7s tl=3.0632 vl=3.0592 t1=0.283 t3=0.455 E[h]=3.45
  ep 14   0.7s tl=3.0574 vl=3.0303 t1=0.285 t3=0.462 E[h]=3.41
  ep 15   0.7s tl=3.0456 vl=3.0221 t1=0.288 t3=0.459 E[h]=3.40
  ep 16   0.7s tl=3.0384 vl=3.0264 t1=0.286 t3=0.455 E[h]=3.40
  ep 17   0.7s tl=3.0299 vl=3.0251 t1=0.288 t3=0.461 E[h]=3.39
  ep 18   0.7s tl=3.0226 vl=3.0208 t1=0.286 t3=0.457 E[h]=3.40
  ep 19   0.7s tl=3.0139 vl=3.0202 t1=0.286 t3=0.455 E[h]=3.37
  ep 20   0.7s tl=3.0075 vl=3.0290 t1=0.286 t3=0.460 E[h]=3.40
  ep 21   0.7s tl=2.9991 vl=3.0014 t1=0.289 t3=0.462 E[h]=3.34
  ep 22   0.7s tl=2.9985 vl=3.0009 t1=0.289 t3=0.459 E[h]=3.36
  ep 23   0.7s tl=2.9930 vl=3.0005 t1=0.291 t3=0.464 E[h]=3.38
  ep 24   0.7s tl=2.9860 vl=2.9899 t1=0.292 t3=0.462 E[h]=3.35
  ep 25   0.7s tl=2.9833 vl=2.9845 t1=0.290 t3=0.469 E[h]=3.37
  ep 26   0.7s tl=2.9768 vl=2.9930 t1=0.287 t3=0.462 E[h]=3.39
  ep 27   0.7s tl=2.9760 vl=3.0016 t1=0.291 t3=0.462 E[h]=3.39
  ep 28   0.7s tl=2.9705 vl=2.9997 t1=0.293 t3=0.471 E[h]=3.34
  ep 29   0.7s tl=2.9668 vl=2.9935 t1=0.290 t3=0.470 E[h]=3.34
  ep 30   0.7s tl=2.9666 vl=2.9851 t1=0.289 t3=0.464 E[h]=3.34
  ep 31   0.7s tl=2.9547 vl=2.9884 t1=0.290 t3=0.466 E[h]=3.33
  ep 32   0.7s tl=2.9543 vl=2.9831 t1=0.291 t3=0.466 E[h]=3.33
  ep 33   0.7s tl=2.9528 vl=2.9835 t1=0.291 t3=0.465 E[h]=3.33
  ep 34   0.7s tl=2.9497 vl=2.9893 t1=0.288 t3=0.469 E[h]=3.32
  ep 35   0.7s tl=2.9494 vl=2.9874 t1=0.288 t3=0.466 E[h]=3.33
  ep 36   0.7s tl=2.9449 vl=2.9928 t1=0.289 t3=0.465 E[h]=3.34
  ep 37   0.7s tl=2.9416 vl=2.9967 t1=0.291 t3=0.468 E[h]=3.35
  ep 38   0.7s tl=2.9401 vl=3.0005 t1=0.291 t3=0.462 E[h]=3.35
  ep 39   0.7s tl=2.9385 vl=3.0071 t1=0.291 t3=0.463 E[h]=3.33
  TEST top1=0.298 top3=0.458 top5=0.546 E[hops]=3.36

========== no_lost_input  (device=cpu) ==========
  drop_metro=False  drop_bipartite=False  drop_lost_edges=False  mask_lost_input=True  no_ctx_mp=False  n_layers=2
  metro=352  found=7179  lost=7386  pickup=6378
  model params: 103,746
  ep  0   1.0s tl=3.9625 vl=3.5006 t1=0.199 t3=0.371 E[h]=4.21
  ep  1   1.0s tl=3.4792 vl=3.3315 t1=0.232 t3=0.412 E[h]=3.89
  ep  2   1.0s tl=3.3658 vl=3.2573 t1=0.254 t3=0.416 E[h]=3.80
  ep  3   1.0s tl=3.3146 vl=3.2148 t1=0.258 t3=0.431 E[h]=3.74
  ep  4   1.0s tl=3.2701 vl=3.2035 t1=0.271 t3=0.434 E[h]=3.70
  ep  5   1.0s tl=3.2411 vl=3.1793 t1=0.277 t3=0.437 E[h]=3.70
  ep  6   1.0s tl=3.2136 vl=3.1879 t1=0.271 t3=0.434 E[h]=3.72
  ep  7   1.0s tl=3.2043 vl=3.1599 t1=0.274 t3=0.439 E[h]=3.69
  ep  8   1.0s tl=3.1857 vl=3.1604 t1=0.276 t3=0.438 E[h]=3.68
  ep  9   1.0s tl=3.1806 vl=3.1376 t1=0.282 t3=0.446 E[h]=3.68
  ep 10   1.0s tl=3.1680 vl=3.1361 t1=0.282 t3=0.443 E[h]=3.69
  ep 11   1.0s tl=3.1586 vl=3.1302 t1=0.280 t3=0.444 E[h]=3.69
  ep 12   1.0s tl=3.1495 vl=3.1368 t1=0.283 t3=0.443 E[h]=3.69
  ep 13   1.0s tl=3.1428 vl=3.1262 t1=0.281 t3=0.442 E[h]=3.65
  ep 14   1.0s tl=3.1374 vl=3.1141 t1=0.283 t3=0.452 E[h]=3.66
  ep 15   1.0s tl=3.1294 vl=3.1087 t1=0.285 t3=0.444 E[h]=3.65
  ep 16   1.0s tl=3.1300 vl=3.1084 t1=0.284 t3=0.449 E[h]=3.65
  ep 17   1.0s tl=3.1218 vl=3.1194 t1=0.287 t3=0.443 E[h]=3.67
  ep 18   1.0s tl=3.1202 vl=3.1093 t1=0.283 t3=0.448 E[h]=3.67
  ep 19   1.0s tl=3.1160 vl=3.1111 t1=0.281 t3=0.448 E[h]=3.66
  ep 20   1.0s tl=3.1078 vl=3.1236 t1=0.284 t3=0.448 E[h]=3.66
  ep 21   1.0s tl=3.1027 vl=3.1095 t1=0.282 t3=0.447 E[h]=3.65
  ep 22   1.0s tl=3.1044 vl=3.1062 t1=0.284 t3=0.450 E[h]=3.66
  ep 23   1.0s tl=3.1011 vl=3.0993 t1=0.287 t3=0.449 E[h]=3.65
  ep 24   1.0s tl=3.0943 vl=3.0967 t1=0.284 t3=0.449 E[h]=3.65
  early stop @ ep 24
  TEST top1=0.287 top3=0.443 top5=0.528 E[hops]=3.67

========== no_lost_edges_or_in  (device=cpu) ==========
  drop_metro=False  drop_bipartite=False  drop_lost_edges=True  mask_lost_input=True  no_ctx_mp=False  n_layers=2
  lost_at edges dropped → 0
  metro=352  found=7179  lost=0  pickup=6378
  model params: 103,746
  ep  0   0.7s tl=4.0086 vl=3.4867 t1=0.205 t3=0.366 E[h]=4.30
  ep  1   0.7s tl=3.4983 vl=3.3765 t1=0.231 t3=0.406 E[h]=3.97
  ep  2   0.7s tl=3.3940 vl=3.2760 t1=0.257 t3=0.420 E[h]=3.79
  ep  3   0.7s tl=3.3301 vl=3.2340 t1=0.258 t3=0.427 E[h]=3.78
  ep  4   0.7s tl=3.2858 vl=3.2392 t1=0.272 t3=0.428 E[h]=3.73
  ep  5   0.7s tl=3.2569 vl=3.1958 t1=0.270 t3=0.435 E[h]=3.72
  ep  6   0.7s tl=3.2296 vl=3.1772 t1=0.272 t3=0.433 E[h]=3.72
  ep  7   0.7s tl=3.2089 vl=3.1651 t1=0.277 t3=0.441 E[h]=3.70
  ep  8   0.7s tl=3.1970 vl=3.1626 t1=0.278 t3=0.438 E[h]=3.68
  ep  9   0.7s tl=3.1862 vl=3.1536 t1=0.280 t3=0.444 E[h]=3.70
  ep 10   0.7s tl=3.1770 vl=3.1456 t1=0.280 t3=0.445 E[h]=3.69
  ep 11   0.7s tl=3.1696 vl=3.1477 t1=0.282 t3=0.439 E[h]=3.70
  ep 12   0.7s tl=3.1627 vl=3.1490 t1=0.286 t3=0.442 E[h]=3.68
  ep 13   0.7s tl=3.1525 vl=3.1365 t1=0.280 t3=0.444 E[h]=3.67
  ep 14   0.7s tl=3.1451 vl=3.1212 t1=0.283 t3=0.451 E[h]=3.66
  ep 15   0.7s tl=3.1370 vl=3.1166 t1=0.281 t3=0.444 E[h]=3.65
  ep 16   0.7s tl=3.1328 vl=3.1314 t1=0.281 t3=0.441 E[h]=3.67
  ep 17   0.7s tl=3.1273 vl=3.1373 t1=0.283 t3=0.445 E[h]=3.67
  ep 18   0.7s tl=3.1267 vl=3.1301 t1=0.280 t3=0.445 E[h]=3.68
  ep 19   0.7s tl=3.1214 vl=3.1303 t1=0.277 t3=0.445 E[h]=3.68
  ep 20   0.7s tl=3.1146 vl=3.1204 t1=0.283 t3=0.447 E[h]=3.67
  ep 21   0.7s tl=3.1091 vl=3.1278 t1=0.284 t3=0.446 E[h]=3.66
  ep 22   0.7s tl=3.1128 vl=3.1146 t1=0.281 t3=0.447 E[h]=3.68
  ep 23   0.7s tl=3.1053 vl=3.1065 t1=0.281 t3=0.450 E[h]=3.66
  early stop @ ep 23
  TEST top1=0.286 top3=0.439 top5=0.531 E[hops]=3.66

Wrote artifacts/models_v2/ablation_summary.json

=== Comparison Table (v2 data with lost_at) ===
variant                   params   top1   top3   top5  E[hops]   cov
--------------------------------------------------------------------
full                     103,746  0.297  0.455  0.549     3.36  0.54
no_metro                 103,746  0.298  0.455  0.548     3.39  0.46
no_ctx_mp                103,746  0.292  0.454  0.550     3.36  0.47
no_mp                     28,354  0.248  0.308  0.354     4.22  0.41
only_metro               103,746  0.286  0.435  0.516     3.39  0.51
no_lost_edges            103,746  0.298  0.458  0.546     3.36  0.54
no_lost_input            103,746  0.287  0.443  0.528     3.67  0.43
no_lost_edges_or_in      103,746  0.286  0.439  0.531     3.66  0.40
(baseline) same_station         -      -      -      -     4.21  0.97
(baseline) mode_lookup         -      -      -      -     4.14  0.69
