
========== full (R-GCN, per-relation weights)  (device=cpu) ==========
  effective params: 103,746
  ep  0   1.0s tl=4.0351 vl=3.5428 t1=0.184 E[h]=4.33
  ep  1   1.0s tl=3.5198 vl=3.3659 t1=0.221 E[h]=3.95
  ep  2   1.0s tl=3.3854 vl=3.2787 t1=0.258 E[h]=3.81
  ep  3   1.0s tl=3.3106 vl=3.2010 t1=0.261 E[h]=3.69
  ep  4   0.9s tl=3.2455 vl=3.1698 t1=0.270 E[h]=3.58
  ep  5   1.0s tl=3.2082 vl=3.1384 t1=0.273 E[h]=3.56
  ep  6   1.0s tl=3.1713 vl=3.1283 t1=0.275 E[h]=3.54
  ep  7   0.9s tl=3.1550 vl=3.0891 t1=0.277 E[h]=3.52
  ep  8   1.0s tl=3.1270 vl=3.0855 t1=0.276 E[h]=3.47
  ep  9   0.9s tl=3.1129 vl=3.0600 t1=0.280 E[h]=3.48
  ep 10   0.9s tl=3.0957 vl=3.0483 t1=0.276 E[h]=3.44
  ep 11   0.9s tl=3.0838 vl=3.0284 t1=0.281 E[h]=3.42
  ep 12   0.9s tl=3.0686 vl=3.0386 t1=0.285 E[h]=3.43
  ep 13   0.9s tl=3.0584 vl=3.0373 t1=0.290 E[h]=3.42
  ep 14   0.9s tl=3.0476 vl=3.0214 t1=0.282 E[h]=3.41
  ep 15   0.9s tl=3.0371 vl=3.0165 t1=0.286 E[h]=3.39
  ep 16   0.9s tl=3.0313 vl=3.0077 t1=0.292 E[h]=3.40
  ep 17   0.9s tl=3.0239 vl=3.0115 t1=0.289 E[h]=3.39
  ep 18   0.9s tl=3.0183 vl=3.0057 t1=0.290 E[h]=3.39
  ep 19   1.0s tl=3.0070 vl=3.0109 t1=0.283 E[h]=3.37
  ep 20   1.0s tl=2.9981 vl=3.0164 t1=0.286 E[h]=3.38
  ep 21   0.9s tl=2.9956 vl=2.9980 t1=0.293 E[h]=3.37
  ep 22   0.9s tl=2.9916 vl=2.9978 t1=0.287 E[h]=3.37
  ep 23   0.9s tl=2.9811 vl=3.0013 t1=0.284 E[h]=3.39
  ep 24   0.9s tl=2.9797 vl=2.9945 t1=0.290 E[h]=3.37
  ep 25   0.9s tl=2.9753 vl=2.9932 t1=0.290 E[h]=3.39
  ep 26   0.9s tl=2.9709 vl=2.9886 t1=0.290 E[h]=3.37
  ep 27   1.0s tl=2.9666 vl=2.9941 t1=0.290 E[h]=3.39
  ep 28   1.0s tl=2.9625 vl=2.9877 t1=0.291 E[h]=3.34
  ep 29   1.0s tl=2.9588 vl=3.0049 t1=0.292 E[h]=3.35
  ep 30   1.0s tl=2.9578 vl=2.9847 t1=0.288 E[h]=3.36
  ep 31   1.0s tl=2.9496 vl=2.9903 t1=0.284 E[h]=3.36
  ep 32   0.9s tl=2.9490 vl=2.9838 t1=0.290 E[h]=3.35
  ep 33   1.0s tl=2.9478 vl=2.9882 t1=0.294 E[h]=3.34
  ep 34   1.0s tl=2.9442 vl=2.9843 t1=0.289 E[h]=3.34
  ep 35   0.9s tl=2.9400 vl=2.9832 t1=0.289 E[h]=3.37
  ep 36   1.1s tl=2.9394 vl=2.9854 t1=0.291 E[h]=3.36
  ep 37   1.0s tl=2.9337 vl=2.9922 t1=0.286 E[h]=3.34
  ep 38   1.0s tl=2.9342 vl=2.9938 t1=0.286 E[h]=3.34
  ep 39   1.0s tl=2.9280 vl=3.0004 t1=0.286 E[h]=3.36
  TEST top1=0.295 top3=0.456 top5=0.547 E[hops]=3.39

========== shared (vanilla-GCN, one shared weight)  (device=cpu) ==========
  effective params: 53,826
  ep  0   0.9s tl=4.1322 vl=3.5947 t1=0.165 E[h]=4.45
  ep  1   1.0s tl=3.5991 vl=3.4338 t1=0.206 E[h]=4.15
  ep  2   1.0s tl=3.4739 vl=3.3639 t1=0.229 E[h]=3.93
  ep  3   0.9s tl=3.3887 vl=3.2725 t1=0.246 E[h]=3.78
  ep  4   0.9s tl=3.3272 vl=3.2286 t1=0.268 E[h]=3.72
  ep  5   0.9s tl=3.2752 vl=3.1934 t1=0.263 E[h]=3.65
  ep  6   1.0s tl=3.2439 vl=3.1590 t1=0.270 E[h]=3.63
  ep  7   1.0s tl=3.2144 vl=3.1335 t1=0.276 E[h]=3.60
  ep  8   0.9s tl=3.1946 vl=3.1136 t1=0.278 E[h]=3.58
  ep  9   0.9s tl=3.1687 vl=3.1045 t1=0.278 E[h]=3.54
  ep 10   0.9s tl=3.1502 vl=3.0822 t1=0.286 E[h]=3.52
  ep 11   0.9s tl=3.1313 vl=3.0731 t1=0.285 E[h]=3.51
  ep 12   0.9s tl=3.1208 vl=3.0720 t1=0.287 E[h]=3.50
  ep 13   1.0s tl=3.1134 vl=3.0566 t1=0.284 E[h]=3.44
  ep 14   1.0s tl=3.0961 vl=3.0585 t1=0.282 E[h]=3.48
  ep 15   0.9s tl=3.0929 vl=3.0438 t1=0.287 E[h]=3.45
  ep 16   0.9s tl=3.0814 vl=3.0382 t1=0.288 E[h]=3.46
  ep 17   1.0s tl=3.0734 vl=3.0451 t1=0.285 E[h]=3.45
  ep 18   0.9s tl=3.0641 vl=3.0446 t1=0.282 E[h]=3.45
  ep 19   0.9s tl=3.0631 vl=3.0283 t1=0.287 E[h]=3.42
  ep 20   0.9s tl=3.0531 vl=3.0126 t1=0.292 E[h]=3.40
  ep 21   0.9s tl=3.0410 vl=3.0102 t1=0.296 E[h]=3.39
  ep 22   0.9s tl=3.0393 vl=3.0194 t1=0.290 E[h]=3.40
  ep 23   1.0s tl=3.0350 vl=3.0165 t1=0.293 E[h]=3.39
  ep 24   0.9s tl=3.0256 vl=3.0156 t1=0.291 E[h]=3.38
  ep 25   1.0s tl=3.0246 vl=3.0042 t1=0.294 E[h]=3.41
  ep 26   0.9s tl=3.0205 vl=3.0126 t1=0.289 E[h]=3.42
  ep 27   0.9s tl=3.0165 vl=3.0068 t1=0.288 E[h]=3.40
  ep 28   0.9s tl=3.0139 vl=2.9964 t1=0.292 E[h]=3.39
  ep 29   0.9s tl=3.0053 vl=2.9981 t1=0.290 E[h]=3.39
  ep 30   0.9s tl=3.0054 vl=3.0116 t1=0.286 E[h]=3.40
  ep 31   0.9s tl=2.9988 vl=2.9930 t1=0.294 E[h]=3.35
  ep 32   0.9s tl=2.9974 vl=2.9977 t1=0.290 E[h]=3.36
  ep 33   0.9s tl=2.9897 vl=3.0036 t1=0.290 E[h]=3.40
  ep 34   0.9s tl=2.9882 vl=3.0072 t1=0.287 E[h]=3.41
  ep 35   0.9s tl=2.9858 vl=2.9933 t1=0.289 E[h]=3.37
  ep 36   0.9s tl=2.9855 vl=2.9989 t1=0.288 E[h]=3.38
  ep 37   0.9s tl=2.9822 vl=3.0055 t1=0.291 E[h]=3.39
  ep 38   0.9s tl=2.9770 vl=3.0018 t1=0.291 E[h]=3.37
  ep 39   0.9s tl=2.9736 vl=3.0022 t1=0.294 E[h]=3.38
  early stop @ ep 39
  TEST top1=0.296 top3=0.462 top5=0.549 E[hops]=3.37

Saved → artifacts/models_v2/shared_relations.json

=== Per-relation vs shared weights ===
variant                                    params    top1    top5   E[hops]
---------------------------------------------------------------------------
full (R-GCN, per-relation weights)        103,746   0.295   0.547      3.39
shared (vanilla-GCN, one shared weight)     53,826   0.296   0.549      3.37
